<?xml version="1.0" encoding="UTF-8"?>
<!-- Generated by org.testng.reporters.JUnitReportReporter -->
<testsuite hostname="DESKTOP-QVB4MSM" failures="0" tests="1" name="ProductSelectiontoCart.LoginWithValidCredentials" time="4.291" errors="0" timestamp="2023-12-04T19:02:46 IST" skipped="0">
  <testcase classname="ProductSelectiontoCart.LoginWithValidCredentials" name="search" time="4.291"/>
  <system-out/>
</testsuite> <!-- ProductSelectiontoCart.LoginWithValidCredentials -->
